{
  "RSpec": {
    "coverage": {
      "/Users/marlon.buckley/Projects/Makersbnb/app.rb": {
        "lines": [
          1,
          null,
          null,
          1,
          null,
          1,
          1,
          null,
          null,
          1,
          1,
          null,
          null,
          1,
          null
        ]
      },
      "/Users/marlon.buckley/Projects/Makersbnb/spec/features/all_listings_page_spec.rb": {
        "lines": [
          1,
          1,
          1,
          1,
          null,
          null
        ]
      },
      "/Users/marlon.buckley/Projects/Makersbnb/spec/features/test_page_spec.rb": {
        "lines": [
          1,
          1,
          1,
          1,
          null,
          null
        ]
      },
      "/Users/marlon.buckley/Projects/Makersbnb/spec/features/units/view_listings_spec.rb": {
        "lines": [
          1,
          null,
          1,
          1,
          1,
          1,
          1,
          1,
          1,
          1,
          1,
          1,
          null,
          null,
          null,
          null
        ]
      },
      "/Users/marlon.buckley/Projects/Makersbnb/lib/View_listings.rb": {
        "lines": [
          1,
          1,
          null,
          null,
          1,
          null,
          1,
          null,
          1,
          0,
          0,
          0,
          null,
          null,
          null,
          1,
          1,
          1,
          null,
          0,
          null,
          1,
          1,
          3,
          null,
          null,
          null,
          null
        ]
      },
      "/Users/marlon.buckley/Projects/Makersbnb/lib/Listing.rb": {
        "lines": [
          1,
          null,
          null,
          1,
          null,
          1,
          null,
          1,
          3,
          3,
          3,
          null,
          null
        ]
      }
    },
    "timestamp": 1658231152
  }
}
